<?xml version="1.0" encoding="UTF-8"?>
<testng-results ignored="0" total="1" passed="1" failed="0" skipped="0">
  <reporter-output>
  </reporter-output>
  <suite started-at="2022-11-14T16:08:18 GST" name="Default suite" finished-at="2022-11-14T16:08:29 GST" duration-ms="11310">
    <groups>
    </groups>
    <test started-at="2022-11-14T16:08:18 GST" name="Default test" finished-at="2022-11-14T16:08:29 GST" duration-ms="11310">
      <class name="test.Login">
        <test-method is-config="true" signature="getBrowserurl()[pri:0, instance:test.Login@4fb61f4a]" started-at="2022-11-14T16:08:18 GST" name="getBrowserurl" finished-at="2022-11-14T16:08:19 GST" duration-ms="1813" status="PASS">
          <reporter-output>
          </reporter-output>
        </test-method> <!-- getBrowserurl -->
        <test-method signature="login()[pri:0, instance:test.Login@4fb61f4a]" started-at="2022-11-14T16:08:19 GST" name="login" finished-at="2022-11-14T16:08:29 GST" duration-ms="9475" status="PASS">
          <reporter-output>
          </reporter-output>
        </test-method> <!-- login -->
      </class> <!-- test.Login -->
    </test> <!-- Default test -->
  </suite> <!-- Default suite -->
</testng-results>
